moblieSafe5206/build/outputs/logs/manifest-merger-debug-report.txt
-- Merging decision tree log ---
manifest
ADDED from src\main\AndroidManifest.xml:2:1-92:12
	xmlns:android
		ADDED from src\main\AndroidManifest.xml:2:11-69
	package
		ADDED from src\main\AndroidManifest.xml:3:5-39
		INJECTED from src\main\AndroidManifest.xml
		INJECTED from src\main\AndroidManifest.xml
	android:versionName
		ADDED from src\main\AndroidManifest.xml:5:5-30
		INJECTED from src\main\AndroidManifest.xml
		INJECTED from src\main\AndroidManifest.xml
	android:versionCode
		ADDED from src\main\AndroidManifest.xml:4:5-28
		INJECTED from src\main\AndroidManifest.xml
		INJECTED from src\main\AndroidManifest.xml
uses-sdk
ADDED from src\main\AndroidManifest.xml:7:5-9:41
	android:targetSdkVersion
		ADDED from src\main\AndroidManifest.xml:9:9-38
		INJECTED from src\main\AndroidManifest.xml
		INJECTED from src\main\AndroidManifest.xml
	android:minSdkVersion
		ADDED from src\main\AndroidManifest.xml:8:9-34
		INJECTED from src\main\AndroidManifest.xml
		INJECTED from src\main\AndroidManifest.xml
uses-permission#android.permission.INTERNET
ADDED from src\main\AndroidManifest.xml:11:5-67
	android:name
		ADDED from src\main\AndroidManifest.xml:11:22-64
uses-permission#android.permission.WRITE_EXTERNAL_STORAGE
ADDED from src\main\AndroidManifest.xml:12:5-81
	android:name
		ADDED from src\main\AndroidManifest.xml:12:22-78
uses-permission#android.permission.READ_PHONE_STATE
ADDED from src\main\AndroidManifest.xml:13:5-75
	android:name
		ADDED from src\main\AndroidManifest.xml:13:22-72
uses-permission#android.permission.RECEIVE_BOOT_COMPLETED
ADDED from src\main\AndroidManifest.xml:14:5-81
	android:name
		ADDED from src\main\AndroidManifest.xml:14:22-78
uses-permission#android.permission.READ_CONTACTS
ADDED from src\main\AndroidManifest.xml:15:5-72
	android:name
		ADDED from src\main\AndroidManifest.xml:15:22-69
uses-permission#android.permission.SEND_SMS
ADDED from src\main\AndroidManifest.xml:16:5-67
	android:name
		ADDED from src\main\AndroidManifest.xml:16:22-64
uses-permission#android.permission.RECEIVE_SMS
ADDED from src\main\AndroidManifest.xml:17:5-70
	android:name
		ADDED from src\main\AndroidManifest.xml:17:22-67
uses-permission#android.permission.ACCESS_FINE_LOCATION
ADDED from src\main\AndroidManifest.xml:18:5-79
	android:name
		ADDED from src\main\AndroidManifest.xml:18:22-76
uses-permission#android.permission.ACCESS_COARSE_LOCATION
ADDED from src\main\AndroidManifest.xml:19:5-81
	android:name
		ADDED from src\main\AndroidManifest.xml:19:22-78
uses-permission#android.permission.ACCESS_MOCK_LOCATION
ADDED from src\main\AndroidManifest.xml:20:5-79
	android:name
		ADDED from src\main\AndroidManifest.xml:20:22-76
uses-permission#android.permission.VIBRATE
ADDED from src\main\AndroidManifest.xml:21:5-66
	android:name
		ADDED from src\main\AndroidManifest.xml:21:22-63
uses-permission#android.permission.PROCESS_OUTGOING_CALLS
ADDED from src\main\AndroidManifest.xml:22:5-81
	android:name
		ADDED from src\main\AndroidManifest.xml:22:22-78
uses-permission#android.permission.SYSTEM_ALERT_WINDOW
ADDED from src\main\AndroidManifest.xml:23:5-78
	android:name
		ADDED from src\main\AndroidManifest.xml:23:22-75
android:uses-permission#android.permission.READ_EXTERNAL_STORAGE
ADDED from src\main\AndroidManifest.xml:25:5-27:38
	android:maxSdkVersion
		ADDED from src\main\AndroidManifest.xml:27:9-35
	android:name
		ADDED from src\main\AndroidManifest.xml:26:9-64
application
ADDED from src\main\AndroidManifest.xml:29:5-90:19
	android:label
		ADDED from src\main\AndroidManifest.xml:32:9-41
	android:allowBackup
		ADDED from src\main\AndroidManifest.xml:30:9-35
	android:icon
		ADDED from src\main\AndroidManifest.xml:31:9-45
	android:theme
		ADDED from src\main\AndroidManifest.xml:33:9-40
activity#com.itheima52.mobilesafe.activity.SplashActivity
ADDED from src\main\AndroidManifest.xml:34:9-42:20
	android:label
		ADDED from src\main\AndroidManifest.xml:36:13-45
	android:name
		ADDED from src\main\AndroidManifest.xml:35:13-52
intent-filter#android.intent.action.MAIN+android.intent.category.LAUNCHER
ADDED from src\main\AndroidManifest.xml:37:13-41:29
action#android.intent.action.MAIN
ADDED from src\main\AndroidManifest.xml:38:17-69
	android:name
		ADDED from src\main\AndroidManifest.xml:38:25-66
category#android.intent.category.LAUNCHER
ADDED from src\main\AndroidManifest.xml:40:17-77
	android:name
		ADDED from src\main\AndroidManifest.xml:40:27-74
activity#com.itheima52.mobilesafe.activity.HomeActivity
ADDED from src\main\AndroidManifest.xml:43:9-59
	android:name
		ADDED from src\main\AndroidManifest.xml:43:19-56
activity#com.itheima52.mobilesafe.activity.SettingActivity
ADDED from src\main\AndroidManifest.xml:44:9-62
	android:name
		ADDED from src\main\AndroidManifest.xml:44:19-59
activity#com.itheima52.mobilesafe.activity.LostFindActivity
ADDED from src\main\AndroidManifest.xml:45:9-63
	android:name
		ADDED from src\main\AndroidManifest.xml:45:19-60
activity#com.itheima52.mobilesafe.activity.Setup1Activity
ADDED from src\main\AndroidManifest.xml:46:9-61
	android:name
		ADDED from src\main\AndroidManifest.xml:46:19-58
activity#com.itheima52.mobilesafe.activity.Setup2Activity
ADDED from src\main\AndroidManifest.xml:47:9-61
	android:name
		ADDED from src\main\AndroidManifest.xml:47:19-58
activity#com.itheima52.mobilesafe.activity.Setup3Activity
ADDED from src\main\AndroidManifest.xml:48:9-61
	android:name
		ADDED from src\main\AndroidManifest.xml:48:19-58
activity#com.itheima52.mobilesafe.activity.Setup4Activity
ADDED from src\main\AndroidManifest.xml:49:9-61
	android:name
		ADDED from src\main\AndroidManifest.xml:49:19-58
activity#com.itheima52.mobilesafe.activity.ContactActivity
ADDED from src\main\AndroidManifest.xml:50:9-62
	android:name
		ADDED from src\main\AndroidManifest.xml:50:19-59
activity#com.itheima52.mobilesafe.activity.AToolsActivity
ADDED from src\main\AndroidManifest.xml:51:9-61
	android:name
		ADDED from src\main\AndroidManifest.xml:51:19-58
activity#com.itheima52.mobilesafe.activity.AddressActivity
ADDED from src\main\AndroidManifest.xml:52:9-62
	android:name
		ADDED from src\main\AndroidManifest.xml:52:19-59
activity#com.itheima52.mobilesafe.activity.DragViewActivity
ADDED from src\main\AndroidManifest.xml:53:9-55:75
	android:theme
		ADDED from src\main\AndroidManifest.xml:55:13-72
	android:name
		ADDED from src\main\AndroidManifest.xml:54:13-54
receiver#com.itheima52.mobilesafe.receiver.BootCompleteReceiver
ADDED from src\main\AndroidManifest.xml:57:9-61:20
	android:name
		ADDED from src\main\AndroidManifest.xml:57:19-64
intent-filter#android.intent.action.BOOT_COMPLETED
ADDED from src\main\AndroidManifest.xml:58:13-60:29
action#android.intent.action.BOOT_COMPLETED
ADDED from src\main\AndroidManifest.xml:59:17-79
	android:name
		ADDED from src\main\AndroidManifest.xml:59:25-76
receiver#com.itheima52.mobilesafe.receiver.SmsReceiver
ADDED from src\main\AndroidManifest.xml:62:9-66:20
	android:name
		ADDED from src\main\AndroidManifest.xml:62:19-55
intent-filter#android.provider.Telephony.SMS_RECEIVED
ADDED from src\main\AndroidManifest.xml:63:13-65:29
	android:priority
		ADDED from src\main\AndroidManifest.xml:63:28-57
action#android.provider.Telephony.SMS_RECEIVED
ADDED from src\main\AndroidManifest.xml:64:17-82
	android:name
		ADDED from src\main\AndroidManifest.xml:64:25-79
service#com.itheima52.mobilesafe.service.LocationService
ADDED from src\main\AndroidManifest.xml:75:9-76:19
	android:name
		ADDED from src\main\AndroidManifest.xml:75:18-57
service#com.itheima52.mobilesafe.service.AddressService
ADDED from src\main\AndroidManifest.xml:77:9-78:19
	android:name
		ADDED from src\main\AndroidManifest.xml:77:18-56
activity#com.itheima52.mobilesafe.activity.CallSafeActivity
ADDED from src\main\AndroidManifest.xml:80:9-83:20
	android:label
		ADDED from src\main\AndroidManifest.xml:82:13-61
	android:name
		ADDED from src\main\AndroidManifest.xml:81:13-54
service#com.itheima52.mobilesafe.service.CallSafeService
ADDED from src\main\AndroidManifest.xml:85:9-89:19
	android:exported
		ADDED from src\main\AndroidManifest.xml:88:13-36
	android:enabled
		ADDED from src\main\AndroidManifest.xml:87:13-35
	android:name
		ADDED from src\main\AndroidManifest.xml:86:13-52